#
# A fatal error has been detected by the Java Runtime Environment:
#
#  EXCEPTION_INVALID_HANDLE (0xc0000008) at pc=0x00007ffc2c6ba458, pid=15900, tid=0x0000000000000918
#
# JRE version: Java(TM) SE Runtime Environment (8.0_144-b01) (build 1.8.0_144-b01)
# Java VM: Java HotSpot(TM) 64-Bit Server VM (25.144-b01 mixed mode windows-amd64 compressed oops)
# Problematic frame:
# C  [ntdll.dll+0x9a458]
#
# Failed to write core dump. Minidumps are not enabled by default on client versions of Windows
#
# If you would like to submit a bug report, please visit:
#   http://bugreport.java.com/bugreport/crash.jsp
# The crash happened outside the Java Virtual Machine in native code.
# See problematic frame for where to report the bug.
#

---------------  T H R E A D  ---------------

Current thread (0x000000001d970000):  JavaThread "AgenteHotel" [_thread_in_native, id=2328, stack(0x000000001f1f0000,0x000000001f2f0000)]

siginfo: ExceptionCode=0xc0000008

Registers:
RAX=0x0000000000000000, RBX=0x00000000c0000008, RCX=0x0000000000000001, RDX=0x0000000780653568
RSP=0x000000001f2ee980, RBP=0x000000001f2eef90, RSI=0x0000000000000000, RDI=0x000000001eb4a558
R8 =0x0000000000000000, R9 =0x0000000000000000, R10=0x0000000000000000, R11=0x0000000000000000
R12=0x0000000000000000, R13=0x0000000000000000, R14=0x0000000000000000, R15=0x000000001d970000
RIP=0x00007ffc2c6ba458, EFLAGS=0x0000000000000202

Top of Stack: (sp=0x000000001f2ee980)
0x000000001f2ee980:   0000000061c40000 0000000061c427a8
0x000000001f2ee990:   00000000c0000000 000000001f2ee9d8
0x000000001f2ee9a0:   00000001c0000008 0000000000000000
0x000000001f2ee9b0:   00007ffc2c6ba458 0000000000000000
0x000000001f2ee9c0:   0000000000000000 000000007320db87
0x000000001f2ee9d0:   0000000782351970 0000000782363908
0x000000001f2ee9e0:   0000000003091c50 00000007c0204a88
0x000000001f2ee9f0:   0000000000000000 00000007c02631e8
0x000000001f2eea00:   000000001d970000 00000007c0002368
0x000000001f2eea10:   000000001f2eea88 0000000003147e70
0x000000001f2eea20:   0000000780653568 0000000061c427a8
0x000000001f2eea30:   0000000782351970 0000000000000001
0x000000001f2eea40:   0000000000000000 000000001f2eea38
0x000000001f2eea50:   0000000019c87460 000000001f2eeae0
0x000000001f2eea60:   0000000019d1baa0 00000000732482a1
0x000000001f2eea70:   00001fa00010000f 0053002b002b0033 

Instructions: (pc=0x00007ffc2c6ba458)
0x00007ffc2c6ba438:   cc cc cc cc cc cc cc cc 40 53 48 81 ec 90 05 00
0x00007ffc2c6ba448:   00 8b d9 48 8d 8c 24 c0 00 00 00 e8 a8 44 00 00
0x00007ffc2c6ba458:   48 83 64 24 28 00 83 64 24 38 00 48 8b 84 24 b8
0x00007ffc2c6ba468:   01 00 00 48 89 44 24 30 89 5c 24 20 c7 44 24 24 


Register to memory mapping:

RAX=0x0000000000000000 is an unknown value
RBX=0x00000000c0000008 is an unknown value
RCX=0x0000000000000001 is an unknown value
RDX=0x0000000780653568 is an oop

[error occurred during error reporting (printing register info), id 0xc0000005]

Stack: [0x000000001f1f0000,0x000000001f2f0000],  sp=0x000000001f2ee980,  free space=1018k
Native frames: (J=compiled Java code, j=interpreted, Vv=VM code, C=native code)
C  [ntdll.dll+0x9a458]
C  [ntdll.dll+0xabe31]
C  [ntdll.dll+0x1efb7]
C  [ntdll.dll+0x1eed0]
C  [sqlite-3.27.2.1-bf500e64-941d-4809-98b8-50ca662e3ef8-sqlitejdbc.dll+0xc979]
C  [sqlite-3.27.2.1-bf500e64-941d-4809-98b8-50ca662e3ef8-sqlitejdbc.dll+0x28b5]
C  0x0000000003158a77

Java frames: (J=compiled Java code, j=interpreted, Vv=VM code)
j  org.sqlite.core.NativeDB.column_name_utf8(JI)[B+0
j  org.sqlite.core.NativeDB.column_name(JI)Ljava/lang/String;+3
j  org.sqlite.core.DB.column_names(J)[Ljava/lang/String;+26
j  org.sqlite.jdbc3.JDBC3Statement.getResultSet()Ljava/sql/ResultSet;+64
j  org.sqlite.jdbc3.JDBC3Statement.executeQuery(Ljava/lang/String;)Ljava/sql/ResultSet;+46
j  general.Actualizador.hoteles()V+32
j  general.Actualizador.action()V+77
j  jade.core.behaviours.Behaviour.actionWrapper()V+36
j  jade.core.Agent$ActiveLifeCycle.execute()V+17
j  jade.core.Agent.run()V+21
j  java.lang.Thread.run()V+11
v  ~StubRoutines::call_stub

---------------  P R O C E S S  ---------------

Java Threads: ( => current thread )
  0x000000001dc45000 JavaThread "Image Fetcher 3" daemon [_thread_blocked, id=15212, stack(0x0000000024360000,0x0000000024460000)]
  0x000000001dc3e800 JavaThread "Image Fetcher 2" daemon [_thread_blocked, id=13776, stack(0x0000000020ae0000,0x0000000020be0000)]
  0x000000001dc40800 JavaThread "AWT-EventQueue-0" [_thread_in_native, id=3392, stack(0x00000000203e0000,0x00000000204e0000)]
  0x000000001dc44800 JavaThread "AWT-Shutdown" [_thread_blocked, id=13376, stack(0x00000000202e0000,0x00000000203e0000)]
  0x000000001d96e800 JavaThread "DestroyJavaVM" [_thread_blocked, id=16300, stack(0x0000000002e40000,0x0000000002f40000)]
  0x000000001d96e000 JavaThread "AgenteReservas" [_thread_blocked, id=15656, stack(0x000000001f5f0000,0x000000001f6f0000)]
  0x000000001d96c800 JavaThread "rma" [_thread_in_vm, id=15924, stack(0x000000001f4f0000,0x000000001f5f0000)]
  0x000000001d96a000 JavaThread "AgenteCliente" [_thread_in_native, id=15748, stack(0x000000001f3f0000,0x000000001f4f0000)]
  0x000000001d96d000 JavaThread "AgenteSistema" [_thread_in_native, id=11572, stack(0x000000001f2f0000,0x000000001f3f0000)]
=>0x000000001d970000 JavaThread "AgenteHotel" [_thread_in_native, id=2328, stack(0x000000001f1f0000,0x000000001f2f0000)]
  0x000000001d96f800 JavaThread "df" [_thread_blocked, id=4188, stack(0x000000001f0f0000,0x000000001f1f0000)]
  0x000000001d96b800 JavaThread "ams" [_thread_in_vm, id=14420, stack(0x000000001eff0000,0x000000001f0f0000)]
  0x000000001d96b000 JavaThread "Thread-11" [_thread_in_native, id=3576, stack(0x000000001eef0000,0x000000001eff0000)]
  0x000000001d969800 JavaThread "Deliverer-4" [_thread_blocked, id=13300, stack(0x000000001e8b0000,0x000000001e9b0000)]
  0x000000001db27000 JavaThread "Deliverer-3" [_thread_blocked, id=10244, stack(0x000000001e7b0000,0x000000001e8b0000)]
  0x000000001c878000 JavaThread "Deliverer-2" [_thread_blocked, id=5028, stack(0x000000001e6b0000,0x000000001e7b0000)]
  0x000000001c877000 JavaThread "Deliverer-1" [_thread_blocked, id=13008, stack(0x000000001e5b0000,0x000000001e6b0000)]
  0x000000001da83000 JavaThread "Deliverer-0" [_thread_blocked, id=11744, stack(0x000000001e4b0000,0x000000001e5b0000)]
  0x000000001da80800 JavaThread "AWT-Windows" daemon [_thread_in_native, id=6584, stack(0x000000001e2b0000,0x000000001e3b0000)]
  0x000000001d9c9800 JavaThread "Java2D Disposer" daemon [_thread_blocked, id=16184, stack(0x000000001e0b0000,0x000000001e1b0000)]
  0x000000001c86a000 JavaThread "Thread-4" [_thread_in_native, id=11344, stack(0x000000001d7b0000,0x000000001d8b0000)]
  0x000000001c738000 JavaThread "Thread-3" [_thread_blocked, id=6992, stack(0x000000001d6b0000,0x000000001d7b0000)]
  0x000000001c707800 JavaThread "JICPServer-1099" daemon [_thread_in_native, id=13016, stack(0x000000001d5b0000,0x000000001d6b0000)]
  0x000000001c733000 JavaThread "JADE Timer dispatcher" [_thread_blocked, id=14792, stack(0x000000001d350000,0x000000001d450000)]
  0x000000001c60a000 JavaThread "Service Thread" daemon [_thread_blocked, id=11284, stack(0x000000001d150000,0x000000001d250000)]
  0x000000001c57d000 JavaThread "C1 CompilerThread3" daemon [_thread_blocked, id=10920, stack(0x000000001d050000,0x000000001d150000)]
  0x000000001c579800 JavaThread "C2 CompilerThread2" daemon [_thread_in_native, id=5472, stack(0x000000001cf50000,0x000000001d050000)]
  0x000000001c575800 JavaThread "C2 CompilerThread1" daemon [_thread_blocked, id=12256, stack(0x000000001ce50000,0x000000001cf50000)]
  0x000000001c56d800 JavaThread "C2 CompilerThread0" daemon [_thread_in_native, id=10984, stack(0x000000001cd50000,0x000000001ce50000)]
  0x000000001c56a000 JavaThread "Attach Listener" daemon [_thread_blocked, id=15872, stack(0x000000001cc50000,0x000000001cd50000)]
  0x000000001c568800 JavaThread "Signal Dispatcher" daemon [_thread_blocked, id=2588, stack(0x000000001cb50000,0x000000001cc50000)]
  0x000000001c560800 JavaThread "Finalizer" daemon [_thread_blocked, id=8824, stack(0x000000001c940000,0x000000001ca40000)]
  0x0000000003136000 JavaThread "Reference Handler" daemon [_thread_blocked, id=8384, stack(0x000000001c440000,0x000000001c540000)]

Other Threads:
  0x000000001a658800 VMThread [stack: 0x000000001c340000,0x000000001c440000] [id=2228]
  0x000000001c61c800 WatcherThread [stack: 0x000000001d250000,0x000000001d350000] [id=5136]

VM state:not at safepoint (normal execution)

VM Mutex/Monitor currently owned by a thread: None

Heap:
 PSYoungGen      total 57344K, used 23615K [0x0000000780600000, 0x0000000784600000, 0x00000007c0000000)
  eden space 49152K, 31% used [0x0000000780600000,0x0000000781532b48,0x0000000783600000)
  from space 8192K, 98% used [0x0000000783600000,0x0000000783ddd0b8,0x0000000783e00000)
  to   space 8192K, 0% used [0x0000000783e00000,0x0000000783e00000,0x0000000784600000)
 ParOldGen       total 131072K, used 16K [0x0000000701200000, 0x0000000709200000, 0x0000000780600000)
  object space 131072K, 0% used [0x0000000701200000,0x0000000701204000,0x0000000709200000)
 Metaspace       used 19464K, capacity 19786K, committed 20096K, reserved 1067008K
  class space    used 2559K, capacity 2640K, committed 2688K, reserved 1048576K

Card table byte_map: [0x0000000012500000,0x0000000012b00000] byte_map_base: 0x000000000ecf7000

Marking Bits: (ParMarkBitMap*) 0x000000007396d850
 Begin Bits: [0x0000000013700000, 0x00000000166b8000)
 End Bits:   [0x00000000166b8000, 0x0000000019670000)

Polling page: 0x0000000001280000

CodeCache: size=245760Kb used=4971Kb max_used=5145Kb free=240788Kb
 bounds [0x0000000003140000, 0x0000000003660000, 0x0000000012140000]
 total_blobs=1959 nmethods=1427 adapters=444
 compilation: enabled

Compilation events (10 events):
Event: 6.871 Thread 0x000000001c57d000 1455       3       java.util.concurrent.locks.ReentrantLock::unlock (10 bytes)
Event: 6.871 Thread 0x000000001c57d000 nmethod 1455 0x00000000035ecb10 code [0x00000000035ecca0, 0x00000000035ed0b8]
Event: 6.872 Thread 0x000000001c57d000 1456       3       javax.swing.AbstractButton::getHandler (24 bytes)
Event: 6.872 Thread 0x000000001c57d000 nmethod 1456 0x00000000035ed210 code [0x00000000035ed380, 0x00000000035ed670]
Event: 6.872 Thread 0x000000001c57d000 1457       3       java.awt.KeyboardFocusManager::getCurrentKeyboardFocusManager (7 bytes)
Event: 6.872 Thread 0x000000001c57d000 nmethod 1457 0x00000000035ed790 code [0x00000000035ed940, 0x00000000035edff8]
Event: 6.872 Thread 0x000000001c57d000 1458  s    3       java.awt.KeyboardFocusManager::getCurrentKeyboardFocusManager (32 bytes)
Event: 6.873 Thread 0x000000001c57d000 nmethod 1458 0x00000000035ee290 code [0x00000000035ee420, 0x00000000035eea08]
Event: 6.882 Thread 0x000000001c57d000 1460       3       sun.awt.AWTAutoShutdown::getInstance (4 bytes)
Event: 6.882 Thread 0x000000001c57d000 nmethod 1460 0x00000000035eeb90 code [0x00000000035eece0, 0x00000000035eee10]

GC Heap History (2 events):
Event: 6.622 GC heap before
{Heap before GC invocations=1 (full 0):
 PSYoungGen      total 57344K, used 49152K [0x0000000780600000, 0x0000000784600000, 0x00000007c0000000)
  eden space 49152K, 100% used [0x0000000780600000,0x0000000783600000,0x0000000783600000)
  from space 8192K, 0% used [0x0000000783e00000,0x0000000783e00000,0x0000000784600000)
  to   space 8192K, 0% used [0x0000000783600000,0x0000000783600000,0x0000000783e00000)
 ParOldGen       total 131072K, used 0K [0x0000000701200000, 0x0000000709200000, 0x0000000780600000)
  object space 131072K, 0% used [0x0000000701200000,0x0000000701200000,0x0000000709200000)
 Metaspace       used 18296K, capacity 18620K, committed 18944K, reserved 1064960K
  class space    used 2375K, capacity 2475K, committed 2560K, reserved 1048576K
Event: 6.632 GC heap after
Heap after GC invocations=1 (full 0):
 PSYoungGen      total 57344K, used 8052K [0x0000000780600000, 0x0000000784600000, 0x00000007c0000000)
  eden space 49152K, 0% used [0x0000000780600000,0x0000000780600000,0x0000000783600000)
  from space 8192K, 98% used [0x0000000783600000,0x0000000783ddd0b8,0x0000000783e00000)
  to   space 8192K, 0% used [0x0000000783e00000,0x0000000783e00000,0x0000000784600000)
 ParOldGen       total 131072K, used 16K [0x0000000701200000, 0x0000000709200000, 0x0000000780600000)
  object space 131072K, 0% used [0x0000000701200000,0x0000000701204000,0x0000000709200000)
 Metaspace       used 18296K, capacity 18620K, committed 18944K, reserved 1064960K
  class space    used 2375K, capacity 2475K, committed 2560K, reserved 1048576K
}

Deoptimization events (10 events):
Event: 6.661 Thread 0x000000001d96c800 Uncommon trap: reason=unstable_if action=reinterpret pc=0x00000000035835d0 method=java.lang.StringCoding.decode(Ljava/lang/String;[BII)[C @ 38
Event: 6.705 Thread 0x000000001d96c800 Uncommon trap: reason=unstable_if action=reinterpret pc=0x0000000003576ec4 method=java.util.concurrent.ConcurrentHashMap.get(Ljava/lang/Object;)Ljava/lang/Object; @ 138
Event: 6.764 Thread 0x000000001d96c800 Uncommon trap: reason=class_check action=maybe_recompile pc=0x0000000003570860 method=sun.nio.ch.IOUtil.read(Ljava/io/FileDescriptor;Ljava/nio/ByteBuffer;JLsun/nio/ch/NativeDispatcher;)I @ 1
Event: 6.765 Thread 0x000000001d96c800 Uncommon trap: reason=class_check action=maybe_recompile pc=0x0000000003570860 method=sun.nio.ch.IOUtil.read(Ljava/io/FileDescriptor;Ljava/nio/ByteBuffer;JLsun/nio/ch/NativeDispatcher;)I @ 1
Event: 6.765 Thread 0x000000001d96c800 Uncommon trap: reason=class_check action=maybe_recompile pc=0x0000000003570860 method=sun.nio.ch.IOUtil.read(Ljava/io/FileDescriptor;Ljava/nio/ByteBuffer;JLsun/nio/ch/NativeDispatcher;)I @ 1
Event: 6.766 Thread 0x000000001d96c800 Uncommon trap: reason=class_check action=maybe_recompile pc=0x0000000003570860 method=sun.nio.ch.IOUtil.read(Ljava/io/FileDescriptor;Ljava/nio/ByteBuffer;JLsun/nio/ch/NativeDispatcher;)I @ 1
Event: 6.797 Thread 0x000000001dc3e800 Uncommon trap: reason=bimorphic action=maybe_recompile pc=0x00000000034cb3a0 method=java.lang.ThreadLocal.get()Ljava/lang/Object; @ 6
Event: 6.803 Thread 0x000000001dc3e800 Uncommon trap: reason=bimorphic action=maybe_recompile pc=0x00000000034cb3a0 method=java.lang.ThreadLocal.get()Ljava/lang/Object; @ 6
Event: 6.806 Thread 0x000000001dc3e800 Uncommon trap: reason=bimorphic action=maybe_recompile pc=0x00000000034cb3a0 method=java.lang.ThreadLocal.get()Ljava/lang/Object; @ 6
Event: 6.809 Thread 0x000000001dc3e800 Uncommon trap: reason=bimorphic action=maybe_recompile pc=0x00000000034cb3a0 method=java.lang.ThreadLocal.get()Ljava/lang/Object; @ 6

Internal exceptions (10 events):
Event: 0.427 Thread 0x000000000303e000 Exception <a 'java/security/PrivilegedActionException'> (0x000000078086ba30) thrown at [C:\re\workspace\8-2-build-windows-amd64-cygwin\jdk8u144\9417\hotspot\src\share\vm\prims\jvm.cpp, line 1390]
Event: 0.948 Thread 0x000000000303e000 Exception <a 'java/io/FileNotFoundException'> (0x0000000780996aa0) thrown at [C:\re\workspace\8-2-build-windows-amd64-cygwin\jdk8u144\9417\hotspot\src\share\vm\prims\jni.cpp, line 709]
Event: 1.082 Thread 0x000000000303e000 Exception <a 'java/io/FileNotFoundException'> (0x0000000780f5fac8) thrown at [C:\re\workspace\8-2-build-windows-amd64-cygwin\jdk8u144\9417\hotspot\src\share\vm\prims\jni.cpp, line 709]
Event: 1.112 Thread 0x000000000303e000 Exception <a 'java/lang/NoSuchFieldError': method resolution failed> (0x000000078102c928) thrown at [C:\re\workspace\8-2-build-windows-amd64-cygwin\jdk8u144\9417\hotspot\src\share\vm\prims\methodHandles.cpp, line 1146]
Event: 1.114 Thread 0x000000000303e000 Exception <a 'java/lang/NoSuchFieldError': method resolution failed> (0x0000000781039e00) thrown at [C:\re\workspace\8-2-build-windows-amd64-cygwin\jdk8u144\9417\hotspot\src\share\vm\prims\methodHandles.cpp, line 1146]
Event: 1.150 Thread 0x000000000303e000 Exception <a 'java/io/FileNotFoundException'> (0x00000007810df568) thrown at [C:\re\workspace\8-2-build-windows-amd64-cygwin\jdk8u144\9417\hotspot\src\share\vm\prims\jni.cpp, line 709]
Event: 5.834 Thread 0x000000001d970000 Implicit null exception at 0x0000000003340616 to 0x00000000033409c5
Event: 5.844 Thread 0x000000001d96b800 Exception <a 'java/lang/NullPointerException'> (0x000000078202fca0) thrown at [C:\re\workspace\8-2-build-windows-amd64-cygwin\jdk8u144\9417\hotspot\src\share\vm\interpreter\linkResolver.cpp, line 1197]
Event: 5.898 Thread 0x000000001d96c800 Implicit null exception at 0x00000000032fded6 to 0x00000000032fe281
Event: 5.927 Thread 0x000000001d96c800 Implicit null exception at 0x00000000033d6a2f to 0x00000000033d6a99

Events (10 events):
Event: 6.878 loading class sun/awt/image/BufImgSurfaceManager
Event: 6.878 loading class sun/awt/image/BufImgSurfaceManager done
Event: 6.878 loading class sun/awt/image/BufImgSurfaceData
Event: 6.879 loading class sun/awt/image/BufImgSurfaceData done
Event: 6.879 loading class sun/awt/image/BufImgSurfaceData$ICMColorData
Event: 6.879 loading class sun/awt/image/BufImgSurfaceData$ICMColorData done
Event: 6.882 loading class jade/tools/rma/WindowCloser
Event: 6.882 loading class jade/tools/rma/WindowCloser done
Event: 6.883 loading class jade/gui/JadeLogoButton
Event: 6.883 loading class jade/gui/JadeLogoButton done


Dynamic libraries:
0x00007ff708aa0000 - 0x00007ff708ad7000 	C:\Program Files\Java\jdk1.8.0_144\bin\javaw.exe
0x00007ffc2c620000 - 0x00007ffc2c801000 	C:\WINDOWS\SYSTEM32\ntdll.dll
0x00007ffc0be40000 - 0x00007ffc0be52000 	C:\Program Files\AVG\Antivirus\aswhook.dll
0x00007ffc2b9e0000 - 0x00007ffc2ba91000 	C:\WINDOWS\System32\KERNEL32.DLL
0x00007ffc29370000 - 0x00007ffc295e3000 	C:\WINDOWS\System32\KERNELBASE.dll
0x00007ffc2b6c0000 - 0x00007ffc2b761000 	C:\WINDOWS\System32\ADVAPI32.dll
0x00007ffc2b940000 - 0x00007ffc2b9de000 	C:\WINDOWS\System32\msvcrt.dll
0x00007ffc2bad0000 - 0x00007ffc2bb2b000 	C:\WINDOWS\System32\sechost.dll
0x00007ffc2bcb0000 - 0x00007ffc2bdd4000 	C:\WINDOWS\System32\RPCRT4.dll
0x00007ffc2c2d0000 - 0x00007ffc2c460000 	C:\WINDOWS\System32\USER32.dll
0x00007ffc29790000 - 0x00007ffc297b0000 	C:\WINDOWS\System32\win32u.dll
0x00007ffc2b660000 - 0x00007ffc2b688000 	C:\WINDOWS\System32\GDI32.dll
0x00007ffc295f0000 - 0x00007ffc29781000 	C:\WINDOWS\System32\gdi32full.dll
0x00007ffc298c0000 - 0x00007ffc2995f000 	C:\WINDOWS\System32\msvcp_win.dll
0x00007ffc29960000 - 0x00007ffc29a58000 	C:\WINDOWS\System32\ucrtbase.dll
0x00007ffc20220000 - 0x00007ffc20489000 	C:\WINDOWS\WinSxS\amd64_microsoft.windows.common-controls_6595b64144ccf1df_6.0.17134.885_none_fb42a3473065565f\COMCTL32.dll
0x00007ffc29b60000 - 0x00007ffc29e82000 	C:\WINDOWS\System32\combase.dll
0x00007ffc28be0000 - 0x00007ffc28c59000 	C:\WINDOWS\System32\bcryptPrimitives.dll
0x00007ffc2baa0000 - 0x00007ffc2bacd000 	C:\WINDOWS\System32\IMM32.DLL
0x00000000745b0000 - 0x0000000074682000 	C:\Program Files\Java\jdk1.8.0_144\jre\bin\msvcr100.dll
0x0000000073150000 - 0x00000000739ed000 	C:\Program Files\Java\jdk1.8.0_144\jre\bin\server\jvm.dll
0x00007ffc2b650000 - 0x00007ffc2b658000 	C:\WINDOWS\System32\PSAPI.DLL
0x00007ffc275a0000 - 0x00007ffc275a9000 	C:\WINDOWS\SYSTEM32\WSOCK32.dll
0x00007ffc2b770000 - 0x00007ffc2b7dc000 	C:\WINDOWS\System32\WS2_32.dll
0x00007ffc26010000 - 0x00007ffc26033000 	C:\WINDOWS\SYSTEM32\WINMM.dll
0x00007ffc23690000 - 0x00007ffc2369a000 	C:\WINDOWS\SYSTEM32\VERSION.dll
0x00007ffc25f90000 - 0x00007ffc25fba000 	C:\WINDOWS\SYSTEM32\WINMMBASE.dll
0x00007ffc29a60000 - 0x00007ffc29aa9000 	C:\WINDOWS\System32\cfgmgr32.dll
0x00000000745a0000 - 0x00000000745af000 	C:\Program Files\Java\jdk1.8.0_144\jre\bin\verify.dll
0x0000000074570000 - 0x0000000074599000 	C:\Program Files\Java\jdk1.8.0_144\jre\bin\java.dll
0x0000000074550000 - 0x0000000074566000 	C:\Program Files\Java\jdk1.8.0_144\jre\bin\zip.dll
0x00007ffc29f90000 - 0x00007ffc2b3d0000 	C:\WINDOWS\System32\SHELL32.dll
0x00007ffc29ab0000 - 0x00007ffc29b59000 	C:\WINDOWS\System32\shcore.dll
0x00007ffc28c60000 - 0x00007ffc2936d000 	C:\WINDOWS\System32\windows.storage.dll
0x00007ffc2b570000 - 0x00007ffc2b5c1000 	C:\WINDOWS\System32\shlwapi.dll
0x00007ffc289d0000 - 0x00007ffc289e1000 	C:\WINDOWS\System32\kernel.appcore.dll
0x00007ffc28980000 - 0x00007ffc2899f000 	C:\WINDOWS\System32\profapi.dll
0x00007ffc28930000 - 0x00007ffc2897c000 	C:\WINDOWS\System32\powrprof.dll
0x00007ffc289c0000 - 0x00007ffc289ca000 	C:\WINDOWS\System32\FLTLIB.DLL
0x0000000074530000 - 0x000000007454a000 	C:\Program Files\Java\jdk1.8.0_144\jre\bin\net.dll
0x00007ffc281b0000 - 0x00007ffc28216000 	C:\WINDOWS\system32\mswsock.dll
0x00007ffc27f40000 - 0x00007ffc27f78000 	C:\WINDOWS\SYSTEM32\IPHLPAPI.DLL
0x00007ffc29f80000 - 0x00007ffc29f88000 	C:\WINDOWS\System32\NSI.dll
0x00007ffc222f0000 - 0x00007ffc22306000 	C:\WINDOWS\SYSTEM32\dhcpcsvc6.DLL
0x00007ffc21b10000 - 0x00007ffc21b2a000 	C:\WINDOWS\SYSTEM32\dhcpcsvc.DLL
0x0000000072fb0000 - 0x0000000073148000 	C:\Program Files\Java\jdk1.8.0_144\jre\bin\awt.dll
0x00007ffc2c4c0000 - 0x00007ffc2c582000 	C:\WINDOWS\System32\OLEAUT32.dll
0x00007ffc26950000 - 0x00007ffc269db000 	C:\WINDOWS\SYSTEM32\apphelp.dll
0x00007ffc26d40000 - 0x00007ffc26d69000 	C:\WINDOWS\system32\DWMAPI.DLL
0x00007ffc26bc0000 - 0x00007ffc26c58000 	C:\WINDOWS\system32\uxtheme.dll
0x00007ffc067d0000 - 0x00007ffc068f0000 	C:\WINDOWS\system32\opengl32.dll
0x00007ffc087c0000 - 0x00007ffc087ec000 	C:\WINDOWS\SYSTEM32\GLU32.dll
0x00007ffc2bb30000 - 0x00007ffc2bca3000 	C:\WINDOWS\System32\MSCTF.dll
0x00007ffc2b7e0000 - 0x00007ffc2b931000 	C:\WINDOWS\System32\ole32.dll
0x00007ffc0f1d0000 - 0x00007ffc0f1e6000 	C:\WINDOWS\system32\napinsp.dll
0x00007ffc0edf0000 - 0x00007ffc0ee0a000 	C:\WINDOWS\system32\pnrpnsp.dll
0x00007ffc24460000 - 0x00007ffc24479000 	C:\WINDOWS\system32\NLAapi.dll
0x00007ffc27f80000 - 0x00007ffc2803e000 	C:\WINDOWS\SYSTEM32\DNSAPI.dll
0x00007ffc0f860000 - 0x00007ffc0f86e000 	C:\WINDOWS\System32\winrnr.dll
0x00007ffc1f2a0000 - 0x00007ffc1f2b5000 	C:\WINDOWS\System32\wshbth.dll
0x00007ffc1f480000 - 0x00007ffc1f48a000 	C:\Windows\System32\rasadhlp.dll
0x00007ffc207e0000 - 0x00007ffc20852000 	C:\WINDOWS\System32\fwpuclnt.dll
0x00007ffc28490000 - 0x00007ffc284b5000 	C:\WINDOWS\SYSTEM32\bcrypt.dll
0x00007ffc28370000 - 0x00007ffc28387000 	C:\WINDOWS\SYSTEM32\CRYPTSP.dll
0x00007ffc27d40000 - 0x00007ffc27d73000 	C:\WINDOWS\system32\rsaenh.dll
0x00007ffc28860000 - 0x00007ffc28888000 	C:\WINDOWS\SYSTEM32\USERENV.dll
0x00007ffc28360000 - 0x00007ffc2836b000 	C:\WINDOWS\SYSTEM32\CRYPTBASE.dll
0x0000000072f60000 - 0x0000000072fa7000 	C:\Program Files\Java\jdk1.8.0_144\jre\bin\fontmanager.dll
0x00007ffc2c230000 - 0x00007ffc2c2d0000 	C:\WINDOWS\System32\clbcatq.dll
0x00007ffc1fe50000 - 0x00007ffc1fffe000 	C:\WINDOWS\SYSTEM32\WindowsCodecs.dll
0x00007ffc064d0000 - 0x00007ffc06528000 	C:\WINDOWS\system32\dataexchange.dll
0x00007ffc24f60000 - 0x00007ffc2526b000 	C:\WINDOWS\system32\d3d11.dll
0x00007ffc26040000 - 0x00007ffc261dc000 	C:\WINDOWS\system32\dcomp.dll
0x00007ffc276b0000 - 0x00007ffc2776b000 	C:\WINDOWS\system32\dxgi.dll
0x00007ffc26e50000 - 0x00007ffc27008000 	C:\WINDOWS\system32\twinapi.appcore.dll
0x00007ffc26e20000 - 0x00007ffc26e41000 	C:\WINDOWS\system32\RMCLIENT.dll
0x0000000074510000 - 0x0000000074521000 	C:\Program Files\Java\jdk1.8.0_144\jre\bin\nio.dll
0x0000000072f10000 - 0x0000000072f52000 	C:\Program Files\Java\jdk1.8.0_144\jre\bin\t2k.dll
0x0000000061c40000 - 0x0000000061d0b000 	C:\Users\HP\AppData\Local\Temp\sqlite-3.27.2.1-bf500e64-941d-4809-98b8-50ca662e3ef8-sqlitejdbc.dll
0x0000000072ed0000 - 0x0000000072f01000 	C:\Program Files\Java\jdk1.8.0_144\jre\bin\jpeg.dll
0x00007ffc27370000 - 0x00007ffc27539000 	C:\WINDOWS\SYSTEM32\dbghelp.dll
0x00007ffc17960000 - 0x00007ffc179f6000 	C:\WINDOWS\System32\TextInputFramework.dll
0x00007ffc1d140000 - 0x00007ffc1d45e000 	C:\WINDOWS\System32\CoreUIComponents.dll
0x00007ffc26590000 - 0x00007ffc2666a000 	C:\WINDOWS\System32\CoreMessaging.dll
0x00007ffc27a00000 - 0x00007ffc27a31000 	C:\WINDOWS\SYSTEM32\ntmarta.dll
0x00007ffc239d0000 - 0x00007ffc23b1d000 	C:\WINDOWS\SYSTEM32\wintypes.dll
0x00007ffc213f0000 - 0x00007ffc2145b000 	C:\WINDOWS\system32\Oleacc.dll

VM Arguments:
jvm_args: -Dfile.encoding=Cp1252 
java_command: jade.Boot -gui AgenteSistema:agentes.AgenteSistema();AgenteCliente:agentes.AgenteCliente();AgenteHotel:agentes.AgenteHotel();AgenteReservas:agentes.AgenteReservas()
java_class_path (initial): C:\Users\HP\eclipse-workspace\TuriSMA\bin;C:\Users\HP\Desktop\Docs UNAL\2019-I\SMA\jadel\lib\jade.jar;C:\Users\HP\Desktop\Docs UNAL\2019-I\SMA\jadel\lib\commons-codec\commons-codec-1.3.jar;C:\Users\HP\Desktop\Todo Excepto Accesos Directos\sqlite-jdbc-3.27.2.1.jar
Launcher Type: SUN_STANDARD

Environment Variables:
PATH=C:/Program Files/Java/jre1.8.0_181/bin/server;C:/Program Files/Java/jre1.8.0_181/bin;C:/Program Files/Java/jre1.8.0_181/lib/amd64;C:\ProgramData\Oracle\Java\javapath;C:\Program Files (x86)\Common Files\Oracle\Java\javapath;C:\Program Files (x86)\Intel\iCLS Client\;C:\windows\system32;C:\windows;C:\windows\System32\Wbem;C:\windows\System32\WindowsPowerShell\v1.0\;C:\Program Files\Intel\IntelSGXPSW\bin\x64\Release\;C:\Program Files\Intel\IntelSGXPSW\bin\win32\Release\;C:\Program Files (x86)\NVIDIA Corporation\PhysX\Common;C:\WINDOWS\system32;C:\WINDOWS;C:\WINDOWS\System32\Wbem;C:\WINDOWS\System32\WindowsPowerShell\v1.0\;c:\Program Files (x86)\Microsoft SQL Server\100\Tools\Binn\;c:\Program Files\Microsoft SQL Server\100\Tools\Binn\;c:\Program Files\Microsoft SQL Server\100\DTS\Binn\;C:\WINDOWS\system32\config\systemprofile\.dnx\bin;C:\Program Files\Microsoft DNX\Dnvm\;C:\Program Files\Microsoft SQL Server\130\Tools\Binn\;C:\Program Files (x86)\Windows Kits\8.1\Windows Performance Toolkit\;C:\Program Files\Microsoft SQL Server\120\Tools\Binn\;C:\Program Files\Git\cmd;C:\Program Files (x86)\Intel\Intel(R) Management Engine Components\DAL;C:\Program Files\Intel\Intel(R) Management Engine Components\DAL;C:\Program Files (x86)\Intel\Intel(R) Management Engine Components\IPT;C:\Program Files\Intel\Intel(R) Management Engine Components\IPT;C:\Program Files\nodejs\;C:\WINDOWS\System32\OpenSSH\;C:\Program Files\PuTTY\;C:\Program Files\Intel\WiFi\bin\;C:\Program Files\Common Files\Intel\WirelessCommon\;C:\Users\HP\AppData\Local\Microsoft\WindowsApps;C:\Users\HP\AppData\Roaming\npm;C:\Users\HP\AppData\Local\GitHubDesktop\bin;C:\Users\HP\AppData\Local\Microsoft\WindowsApps;;C:\Users\HP\AppData\Local\Programs\Microsoft VS Code\bin;C:\Users\HP\Desktop\eclipse;
USERNAME=Víctor Daniel
OS=Windows_NT
PROCESSOR_IDENTIFIER=Intel64 Family 6 Model 94 Stepping 3, GenuineIntel



---------------  S Y S T E M  ---------------

OS: Windows 10.0 , 64 bit Build 17134 (10.0.17134.753)

CPU:total 8 (initial active 8) (4 cores per cpu, 2 threads per core) family 6 model 94 stepping 3, cmov, cx8, fxsr, mmx, sse, sse2, sse3, ssse3, sse4.1, sse4.2, popcnt, avx, avx2, aes, clmul, erms, rtm, 3dnowpref, lzcnt, ht, tsc, tscinvbit, bmi1, bmi2, adx

Memory: 4k page, physical 12503840k(6560892k free), swap 14404384k(7392012k free)

vm_info: Java HotSpot(TM) 64-Bit Server VM (25.144-b01) for windows-amd64 JRE (1.8.0_144-b01), built on Jul 21 2017 21:57:33 by "java_re" with MS VC++ 10.0 (VS2010)

time: Wed Aug 07 15:19:58 2019
elapsed time: 7 seconds (0d 0h 0m 7s)

