#
# A fatal error has been detected by the Java Runtime Environment:
#
#  EXCEPTION_ACCESS_VIOLATION (0xc0000005) at pc=0x00007ffc2c644989, pid=4168, tid=0x0000000000002d70
#
# JRE version: Java(TM) SE Runtime Environment (8.0_144-b01) (build 1.8.0_144-b01)
# Java VM: Java HotSpot(TM) 64-Bit Server VM (25.144-b01 mixed mode windows-amd64 compressed oops)
# Problematic frame:
# C  [ntdll.dll+0x24989]
#
# Failed to write core dump. Minidumps are not enabled by default on client versions of Windows
#
# If you would like to submit a bug report, please visit:
#   http://bugreport.java.com/bugreport/crash.jsp
# The crash happened outside the Java Virtual Machine in native code.
# See problematic frame for where to report the bug.
#

---------------  T H R E A D  ---------------

Current thread (0x000000001bd8f000):  JavaThread "AgenteHotel" [_thread_in_native, id=11632, stack(0x000000001eb70000,0x000000001ec70000)]

siginfo: ExceptionCode=0xc0000005, writing address 0x0000000000014af8

Registers:
RAX=0x0000000000861000, RBX=0x000000001ec6ee68, RCX=0x0000000000014ad4, RDX=0x0000000000000000
RSP=0x000000001ec6f040, RBP=0x000000001ec6f0b0, RSI=0x0000000000000000, RDI=0x0000000000000071
R8 =0x0000000000000000, R9 =0x0000000000000000, R10=0x0000000002968a4b, R11=0x000000007337bc50
R12=0x0000000000000000, R13=0x000000001e4d50b0, R14=0x0000000000000000, R15=0x000000001bd8f000
RIP=0x00007ffc2c644989, EFLAGS=0x0000000000010213

Top of Stack: (sp=0x000000001ec6f040)
0x000000001ec6f040:   0000000000000000 0000000000000000
0x000000001ec6f050:   0000000000000000 0000000000020000
0x000000001ec6f060:   000000001ec6ef70 0000000000000000
0x000000001ec6f070:   0000000000000000 0000000000861000
0x000000001ec6f080:   0000000000000400 000000001ec6f098
0x000000001ec6f090:   000000001ec6f110 0000000000000000
0x000000001ec6f0a0:   000000001d17c6a8 0000000000000000
0x000000001ec6f0b0:   000000001bd8f000 0000000000000001
0x000000001ec6f0c0:   000000001e4d50b0 0000000000000000
0x000000001ec6f0d0:   0000000000000071 000000001dc82300
0x000000001ec6f0e0:   0000000000000001 00007ffc2c63efb7
0x000000001ec6f0f0:   0000000000000000 000000001ec6ee68
0x000000001ec6f100:   000000001ec6efaa 000000001bd8f000
0x000000001ec6f110:   000000001ec6f2a0 00007ffc2c63eed0
0x000000001ec6f120:   0000000000000001 000000001ec6f268
0x000000001ec6f130:   000000001dc82308 0000000000000128 

Instructions: (pc=0x00007ffc2c644989)
0x00007ffc2c644969:   35 52 75 13 00 4c 0f 45 f6 48 39 73 18 0f 84 b6
0x00007ffc2c644979:   01 00 00 48 8b 0b 48 83 f9 ff 0f 84 b6 01 00 00
0x00007ffc2c644989:   ff 41 24 48 8b 7b 18 44 8b ee 48 89 7d c0 e8 74
0x00007ffc2c644999:   2a ff ff 85 c0 0f 85 4e 73 08 00 b9 82 03 fe 7f 


Register to memory mapping:

RAX=0x0000000000861000 is an unknown value
RBX=0x000000001ec6ee68 is pointing into the stack for thread: 0x000000001bd8f000
RCX=0x0000000000014ad4 is an unknown value
RDX=0x0000000000000000 is an unknown value
RSP=0x000000001ec6f040 is pointing into the stack for thread: 0x000000001bd8f000
RBP=0x000000001ec6f0b0 is pointing into the stack for thread: 0x000000001bd8f000
RSI=0x0000000000000000 is an unknown value
RDI=0x0000000000000071 is an unknown value
R8 =0x0000000000000000 is an unknown value
R9 =0x0000000000000000 is an unknown value
R10=0x0000000002968a4b is at code_begin+1227 in an Interpreter codelet
method entry point (kind = native_synchronized)  [0x0000000002968580, 0x0000000002969060]  2784 bytes
R11=0x000000007337bc50 is an unknown value
R12=0x0000000000000000 is an unknown value
R13={method} {0x000000001e4d50b8} 'column_int' '(JI)I' in 'org/sqlite/core/NativeDB'
R14=0x0000000000000000 is an unknown value
R15=0x000000001bd8f000 is a thread


Stack: [0x000000001eb70000,0x000000001ec70000],  sp=0x000000001ec6f040,  free space=1020k
Native frames: (J=compiled Java code, j=interpreted, Vv=VM code, C=native code)
C  [ntdll.dll+0x24989]
C  [ntdll.dll+0x1efb7]
C  [ntdll.dll+0x1eed0]
C  [sqlite-3.27.2.1-6bd38144-d404-45ae-82f1-ebfa7f555a33-sqlitejdbc.dll+0x12598]
C  [sqlite-3.27.2.1-6bd38144-d404-45ae-82f1-ebfa7f555a33-sqlitejdbc.dll+0x125e7]
C  0x0000000002968a77

Java frames: (J=compiled Java code, j=interpreted, Vv=VM code)
j  org.sqlite.core.NativeDB.column_int(JI)I+0
j  org.sqlite.jdbc3.JDBC3ResultSet.getInt(I)I+18
j  org.sqlite.jdbc3.JDBC3ResultSet.getBoolean(I)Z+2
j  org.sqlite.jdbc3.JDBC3ResultSet.getBoolean(Ljava/lang/String;)Z+6
j  general.Actualizador.hoteles()V+59
j  general.Actualizador.action()V+77
j  jade.core.behaviours.Behaviour.actionWrapper()V+36
j  jade.core.Agent$ActiveLifeCycle.execute()V+17
j  jade.core.Agent.run()V+21
j  java.lang.Thread.run()V+11
v  ~StubRoutines::call_stub

---------------  P R O C E S S  ---------------

Java Threads: ( => current thread )
  0x000000001d32c000 JavaThread "Image Fetcher 0" daemon [_thread_blocked, id=7180, stack(0x0000000020520000,0x0000000020620000)]
  0x000000001d328800 JavaThread "AWT-EventQueue-0" [_thread_blocked, id=10536, stack(0x000000001fd60000,0x000000001fe60000)]
  0x000000001d327000 JavaThread "AWT-Shutdown" [_thread_blocked, id=128, stack(0x000000001fc60000,0x000000001fd60000)]
  0x000000001d328000 JavaThread "DestroyJavaVM" [_thread_blocked, id=10192, stack(0x0000000002690000,0x0000000002790000)]
  0x000000001d32c800 JavaThread "AgenteReservas" [_thread_blocked, id=1424, stack(0x000000001ef70000,0x000000001f070000)]
  0x000000001d32d800 JavaThread "rma" [_thread_in_native, id=9292, stack(0x000000001ee70000,0x000000001ef70000)]
  0x000000001bd8d000 JavaThread "AgenteCliente" [_thread_in_native, id=14016, stack(0x000000001ed70000,0x000000001ee70000)]
  0x000000001bd8c000 JavaThread "AgenteSistema" [_thread_in_native, id=1568, stack(0x000000001ec70000,0x000000001ed70000)]
=>0x000000001bd8f000 JavaThread "AgenteHotel" [_thread_in_native, id=11632, stack(0x000000001eb70000,0x000000001ec70000)]
  0x000000001bd8a800 JavaThread "df" [_thread_blocked, id=9116, stack(0x000000001ea70000,0x000000001eb70000)]
  0x000000001bd8d800 JavaThread "ams" [_thread_blocked, id=7008, stack(0x000000001e970000,0x000000001ea70000)]
  0x000000001bd8b800 JavaThread "Thread-11" [_thread_in_native, id=16328, stack(0x000000001e870000,0x000000001e970000)]
  0x000000001bd90000 JavaThread "Deliverer-4" [_thread_blocked, id=2796, stack(0x000000001e230000,0x000000001e330000)]
  0x000000001d354000 JavaThread "Deliverer-3" [_thread_blocked, id=13068, stack(0x000000001e130000,0x000000001e230000)]
  0x000000001d353000 JavaThread "Deliverer-2" [_thread_blocked, id=6056, stack(0x000000001e030000,0x000000001e130000)]
  0x000000001d352800 JavaThread "Deliverer-1" [_thread_blocked, id=9440, stack(0x000000001df30000,0x000000001e030000)]
  0x000000001d175800 JavaThread "Deliverer-0" [_thread_blocked, id=3684, stack(0x000000001de30000,0x000000001df30000)]
  0x000000001d313000 JavaThread "AWT-Windows" daemon [_thread_in_native, id=8440, stack(0x000000001db60000,0x000000001dc60000)]
  0x000000001d30f800 JavaThread "Java2D Disposer" daemon [_thread_blocked, id=15372, stack(0x000000001d8c0000,0x000000001d9c0000)]
  0x000000001c0aa800 JavaThread "Thread-4" [_thread_in_native, id=11280, stack(0x000000001cfc0000,0x000000001d0c0000)]
  0x000000001bf9c000 JavaThread "Thread-3" [_thread_blocked, id=13348, stack(0x000000001cec0000,0x000000001cfc0000)]
  0x000000001bf9b000 JavaThread "JICPServer-1099" daemon [_thread_in_native, id=11248, stack(0x000000001cdc0000,0x000000001cec0000)]
  0x000000001bf31800 JavaThread "JADE Timer dispatcher" [_thread_blocked, id=928, stack(0x000000001cb60000,0x000000001cc60000)]
  0x000000001bde3000 JavaThread "Service Thread" daemon [_thread_blocked, id=8580, stack(0x000000001c960000,0x000000001ca60000)]
  0x000000001bd91800 JavaThread "C1 CompilerThread3" daemon [_thread_in_native, id=15228, stack(0x000000001c860000,0x000000001c960000)]
  0x000000001bd90800 JavaThread "C2 CompilerThread2" daemon [_thread_blocked, id=15404, stack(0x000000001c760000,0x000000001c860000)]
  0x000000001bd83000 JavaThread "C2 CompilerThread1" daemon [_thread_in_native, id=5048, stack(0x000000001c660000,0x000000001c760000)]
  0x000000001bd7a800 JavaThread "C2 CompilerThread0" daemon [_thread_blocked, id=6612, stack(0x000000001c560000,0x000000001c660000)]
  0x000000001bd79800 JavaThread "Attach Listener" daemon [_thread_blocked, id=3652, stack(0x000000001c460000,0x000000001c560000)]
  0x000000001bd78800 JavaThread "Signal Dispatcher" daemon [_thread_blocked, id=13184, stack(0x000000001c360000,0x000000001c460000)]
  0x000000001bd70800 JavaThread "Finalizer" daemon [_thread_blocked, id=12012, stack(0x000000001c150000,0x000000001c250000)]
  0x0000000002947000 JavaThread "Reference Handler" daemon [_thread_blocked, id=13396, stack(0x000000001bc50000,0x000000001bd50000)]

Other Threads:
  0x0000000019e69000 VMThread [stack: 0x000000001bb50000,0x000000001bc50000] [id=16360]
  0x000000001bde5800 WatcherThread [stack: 0x000000001ca60000,0x000000001cb60000] [id=14200]

VM state:not at safepoint (normal execution)

VM Mutex/Monitor currently owned by a thread: None

Heap:
 PSYoungGen      total 57344K, used 39381K [0x0000000780600000, 0x0000000784600000, 0x00000007c0000000)
  eden space 49152K, 80% used [0x0000000780600000,0x0000000782c754d0,0x0000000783600000)
  from space 8192K, 0% used [0x0000000783e00000,0x0000000783e00000,0x0000000784600000)
  to   space 8192K, 0% used [0x0000000783600000,0x0000000783600000,0x0000000783e00000)
 ParOldGen       total 131072K, used 0K [0x0000000701200000, 0x0000000709200000, 0x0000000780600000)
  object space 131072K, 0% used [0x0000000701200000,0x0000000701200000,0x0000000709200000)
 Metaspace       used 18177K, capacity 18508K, committed 18688K, reserved 1064960K
  class space    used 2373K, capacity 2475K, committed 2560K, reserved 1048576K

Card table byte_map: [0x0000000011d10000,0x0000000012310000] byte_map_base: 0x000000000e507000

Marking Bits: (ParMarkBitMap*) 0x000000007396d850
 Begin Bits: [0x0000000012f10000, 0x0000000015ec8000)
 End Bits:   [0x0000000015ec8000, 0x0000000018e80000)

Polling page: 0x0000000000d90000

CodeCache: size=245760Kb used=3713Kb max_used=3725Kb free=242046Kb
 bounds [0x0000000002950000, 0x0000000002d00000, 0x0000000011950000]
 total_blobs=1562 nmethods=1044 adapters=431
 compilation: enabled

Compilation events (10 events):
Event: 6.424 Thread 0x000000001bd91800 1056       3       java.util.LinkedHashMap$Entry::<init> (10 bytes)
Event: 6.424 Thread 0x000000001bd91800 nmethod 1056 0x0000000002cce4d0 code [0x0000000002cce640, 0x0000000002cce890]
Event: 6.425 Thread 0x000000001bd91800 1057       1       java.util.HashMap::size (5 bytes)
Event: 6.425 Thread 0x000000001bd91800 nmethod 1057 0x0000000002cce210 code [0x0000000002cce360, 0x0000000002cce470]
Event: 6.426 Thread 0x000000001bd91800 1058       3       java.io.ExpiringCache::entryFor (57 bytes)
Event: 6.427 Thread 0x000000001bd91800 nmethod 1058 0x0000000002cd1bd0 code [0x0000000002cd1d60, 0x0000000002cd22b8]
Event: 6.431 Thread 0x000000001bd91800 1059       1       java.io.ExpiringCache$Entry::val (5 bytes)
Event: 6.431 Thread 0x000000001bd91800 nmethod 1059 0x0000000002ccdf50 code [0x0000000002cce0a0, 0x0000000002cce1b0]
Event: 6.432 Thread 0x000000001bd91800 1060  s    3       java.io.ExpiringCache::get (39 bytes)
Event: 6.432 Thread 0x000000001bd91800 nmethod 1060 0x0000000002cd14d0 code [0x0000000002cd1660, 0x0000000002cd1a98]

GC Heap History (0 events):
No events

Deoptimization events (10 events):
Event: 6.233 Thread 0x000000001d32d800 Uncommon trap: reason=class_check action=maybe_recompile pc=0x0000000002b35350 method=java.lang.String.equals(Ljava/lang/Object;)Z @ 8
Event: 6.234 Thread 0x000000001d32d800 Uncommon trap: reason=class_check action=maybe_recompile pc=0x0000000002b35350 method=java.lang.String.equals(Ljava/lang/Object;)Z @ 8
Event: 6.234 Thread 0x000000001d32d800 Uncommon trap: reason=class_check action=maybe_recompile pc=0x0000000002b35350 method=java.lang.String.equals(Ljava/lang/Object;)Z @ 8
Event: 6.234 Thread 0x000000001d32d800 Uncommon trap: reason=class_check action=maybe_recompile pc=0x0000000002b35350 method=java.lang.String.equals(Ljava/lang/Object;)Z @ 8
Event: 6.309 Thread 0x000000001d32d800 Uncommon trap: reason=unstable_if action=reinterpret pc=0x0000000002bc51a4 method=java.lang.String.toLowerCase(Ljava/util/Locale;)Ljava/lang/String; @ 37
Event: 6.309 Thread 0x000000001d32d800 Uncommon trap: reason=unstable_if action=reinterpret pc=0x0000000002ac7080 method=java.lang.CharacterData.of(I)Ljava/lang/CharacterData; @ 4
Event: 6.365 Thread 0x000000001d32d800 Uncommon trap: reason=class_check action=maybe_recompile pc=0x0000000002b705c4 method=java.util.HashMap.putVal(ILjava/lang/Object;Ljava/lang/Object;ZZ)Ljava/lang/Object; @ 203
Event: 6.365 Thread 0x000000001d32d800 Uncommon trap: reason=class_check action=maybe_recompile pc=0x0000000002b705c4 method=java.util.HashMap.putVal(ILjava/lang/Object;Ljava/lang/Object;ZZ)Ljava/lang/Object; @ 203
Event: 6.366 Thread 0x000000001d32d800 Uncommon trap: reason=class_check action=maybe_recompile pc=0x0000000002b705c4 method=java.util.HashMap.putVal(ILjava/lang/Object;Ljava/lang/Object;ZZ)Ljava/lang/Object; @ 203
Event: 6.370 Thread 0x000000001bd8d000 Uncommon trap: reason=unstable_if action=reinterpret pc=0x0000000002cb054c method=org.sqlite.SQLiteJDBCLoader.contentsEquals(Ljava/io/InputStream;Ljava/io/InputStream;)Z @ 39

Internal exceptions (10 events):
Event: 0.479 Thread 0x000000000282e000 Exception <a 'java/security/PrivilegedActionException'> (0x000000078086ba30) thrown at [C:\re\workspace\8-2-build-windows-amd64-cygwin\jdk8u144\9417\hotspot\src\share\vm\prims\jvm.cpp, line 1390]
Event: 1.059 Thread 0x000000000282e000 Exception <a 'java/io/FileNotFoundException'> (0x0000000780996aa0) thrown at [C:\re\workspace\8-2-build-windows-amd64-cygwin\jdk8u144\9417\hotspot\src\share\vm\prims\jni.cpp, line 709]
Event: 1.199 Thread 0x000000000282e000 Exception <a 'java/io/FileNotFoundException'> (0x0000000780f5ecf8) thrown at [C:\re\workspace\8-2-build-windows-amd64-cygwin\jdk8u144\9417\hotspot\src\share\vm\prims\jni.cpp, line 709]
Event: 1.232 Thread 0x000000000282e000 Exception <a 'java/lang/NoSuchFieldError': method resolution failed> (0x000000078102bbf0) thrown at [C:\re\workspace\8-2-build-windows-amd64-cygwin\jdk8u144\9417\hotspot\src\share\vm\prims\methodHandles.cpp, line 1146]
Event: 1.234 Thread 0x000000000282e000 Exception <a 'java/lang/NoSuchFieldError': method resolution failed> (0x00000007810390c8) thrown at [C:\re\workspace\8-2-build-windows-amd64-cygwin\jdk8u144\9417\hotspot\src\share\vm\prims\methodHandles.cpp, line 1146]
Event: 1.272 Thread 0x000000000282e000 Exception <a 'java/io/FileNotFoundException'> (0x00000007810de718) thrown at [C:\re\workspace\8-2-build-windows-amd64-cygwin\jdk8u144\9417\hotspot\src\share\vm\prims\jni.cpp, line 709]
Event: 5.986 Thread 0x000000001bd8f000 Implicit null exception at 0x0000000002b5de56 to 0x0000000002b5e205
Event: 5.996 Thread 0x000000001bd8d800 Exception <a 'java/lang/NullPointerException'> (0x000000078202f610) thrown at [C:\re\workspace\8-2-build-windows-amd64-cygwin\jdk8u144\9417\hotspot\src\share\vm\interpreter\linkResolver.cpp, line 1197]
Event: 6.048 Thread 0x000000001d32d800 Implicit null exception at 0x0000000002b159d6 to 0x0000000002b15d81
Event: 6.077 Thread 0x000000001d32d800 Implicit null exception at 0x0000000002bf9f6f to 0x0000000002bf9fd9

Events (10 events):
Event: 6.431 loading class java/util/regex/Pattern$SliceS
Event: 6.431 loading class java/util/regex/Pattern$SliceS done
Event: 6.431 loading class java/util/Hashtable$KeySet
Event: 6.431 loading class java/util/Hashtable$KeySet done
Event: 6.431 Executing VM operation: RevokeBias
Event: 6.431 Executing VM operation: RevokeBias done
Event: 6.431 Executing VM operation: RevokeBias
Event: 6.431 Executing VM operation: RevokeBias done
Event: 6.432 Executing VM operation: RevokeBias
Event: 6.432 Executing VM operation: RevokeBias done


Dynamic libraries:
0x00007ff708aa0000 - 0x00007ff708ad7000 	C:\Program Files\Java\jdk1.8.0_144\bin\javaw.exe
0x00007ffc2c620000 - 0x00007ffc2c801000 	C:\WINDOWS\SYSTEM32\ntdll.dll
0x00007ffc0be40000 - 0x00007ffc0be52000 	C:\Program Files\AVG\Antivirus\aswhook.dll
0x00007ffc2b9e0000 - 0x00007ffc2ba91000 	C:\WINDOWS\System32\KERNEL32.DLL
0x00007ffc29370000 - 0x00007ffc295e3000 	C:\WINDOWS\System32\KERNELBASE.dll
0x00007ffc2b6c0000 - 0x00007ffc2b761000 	C:\WINDOWS\System32\ADVAPI32.dll
0x00007ffc2b940000 - 0x00007ffc2b9de000 	C:\WINDOWS\System32\msvcrt.dll
0x00007ffc2bad0000 - 0x00007ffc2bb2b000 	C:\WINDOWS\System32\sechost.dll
0x00007ffc2bcb0000 - 0x00007ffc2bdd4000 	C:\WINDOWS\System32\RPCRT4.dll
0x00007ffc2c2d0000 - 0x00007ffc2c460000 	C:\WINDOWS\System32\USER32.dll
0x00007ffc29790000 - 0x00007ffc297b0000 	C:\WINDOWS\System32\win32u.dll
0x00007ffc2b660000 - 0x00007ffc2b688000 	C:\WINDOWS\System32\GDI32.dll
0x00007ffc295f0000 - 0x00007ffc29781000 	C:\WINDOWS\System32\gdi32full.dll
0x00007ffc298c0000 - 0x00007ffc2995f000 	C:\WINDOWS\System32\msvcp_win.dll
0x00007ffc29960000 - 0x00007ffc29a58000 	C:\WINDOWS\System32\ucrtbase.dll
0x00007ffc20220000 - 0x00007ffc20489000 	C:\WINDOWS\WinSxS\amd64_microsoft.windows.common-controls_6595b64144ccf1df_6.0.17134.885_none_fb42a3473065565f\COMCTL32.dll
0x00007ffc29b60000 - 0x00007ffc29e82000 	C:\WINDOWS\System32\combase.dll
0x00007ffc28be0000 - 0x00007ffc28c59000 	C:\WINDOWS\System32\bcryptPrimitives.dll
0x00007ffc2baa0000 - 0x00007ffc2bacd000 	C:\WINDOWS\System32\IMM32.DLL
0x00000000745b0000 - 0x0000000074682000 	C:\Program Files\Java\jdk1.8.0_144\jre\bin\msvcr100.dll
0x0000000073150000 - 0x00000000739ed000 	C:\Program Files\Java\jdk1.8.0_144\jre\bin\server\jvm.dll
0x00007ffc2b650000 - 0x00007ffc2b658000 	C:\WINDOWS\System32\PSAPI.DLL
0x00007ffc275a0000 - 0x00007ffc275a9000 	C:\WINDOWS\SYSTEM32\WSOCK32.dll
0x00007ffc2b770000 - 0x00007ffc2b7dc000 	C:\WINDOWS\System32\WS2_32.dll
0x00007ffc26010000 - 0x00007ffc26033000 	C:\WINDOWS\SYSTEM32\WINMM.dll
0x00007ffc23690000 - 0x00007ffc2369a000 	C:\WINDOWS\SYSTEM32\VERSION.dll
0x00007ffc25f90000 - 0x00007ffc25fba000 	C:\WINDOWS\SYSTEM32\WINMMBASE.dll
0x00007ffc29a60000 - 0x00007ffc29aa9000 	C:\WINDOWS\System32\cfgmgr32.dll
0x00000000745a0000 - 0x00000000745af000 	C:\Program Files\Java\jdk1.8.0_144\jre\bin\verify.dll
0x0000000074570000 - 0x0000000074599000 	C:\Program Files\Java\jdk1.8.0_144\jre\bin\java.dll
0x0000000074550000 - 0x0000000074566000 	C:\Program Files\Java\jdk1.8.0_144\jre\bin\zip.dll
0x00007ffc29f90000 - 0x00007ffc2b3d0000 	C:\WINDOWS\System32\SHELL32.dll
0x00007ffc29ab0000 - 0x00007ffc29b59000 	C:\WINDOWS\System32\shcore.dll
0x00007ffc28c60000 - 0x00007ffc2936d000 	C:\WINDOWS\System32\windows.storage.dll
0x00007ffc2b570000 - 0x00007ffc2b5c1000 	C:\WINDOWS\System32\shlwapi.dll
0x00007ffc289d0000 - 0x00007ffc289e1000 	C:\WINDOWS\System32\kernel.appcore.dll
0x00007ffc28980000 - 0x00007ffc2899f000 	C:\WINDOWS\System32\profapi.dll
0x00007ffc28930000 - 0x00007ffc2897c000 	C:\WINDOWS\System32\powrprof.dll
0x00007ffc289c0000 - 0x00007ffc289ca000 	C:\WINDOWS\System32\FLTLIB.DLL
0x0000000074530000 - 0x000000007454a000 	C:\Program Files\Java\jdk1.8.0_144\jre\bin\net.dll
0x00007ffc281b0000 - 0x00007ffc28216000 	C:\WINDOWS\system32\mswsock.dll
0x00007ffc27f40000 - 0x00007ffc27f78000 	C:\WINDOWS\SYSTEM32\IPHLPAPI.DLL
0x00007ffc29f80000 - 0x00007ffc29f88000 	C:\WINDOWS\System32\NSI.dll
0x00007ffc222f0000 - 0x00007ffc22306000 	C:\WINDOWS\SYSTEM32\dhcpcsvc6.DLL
0x00007ffc21b10000 - 0x00007ffc21b2a000 	C:\WINDOWS\SYSTEM32\dhcpcsvc.DLL
0x0000000072fb0000 - 0x0000000073148000 	C:\Program Files\Java\jdk1.8.0_144\jre\bin\awt.dll
0x00007ffc2c4c0000 - 0x00007ffc2c582000 	C:\WINDOWS\System32\OLEAUT32.dll
0x00007ffc26950000 - 0x00007ffc269db000 	C:\WINDOWS\SYSTEM32\apphelp.dll
0x00007ffc26d40000 - 0x00007ffc26d69000 	C:\WINDOWS\system32\DWMAPI.DLL
0x00007ffc26bc0000 - 0x00007ffc26c58000 	C:\WINDOWS\system32\uxtheme.dll
0x00007ffc067d0000 - 0x00007ffc068f0000 	C:\WINDOWS\system32\opengl32.dll
0x00007ffc087c0000 - 0x00007ffc087ec000 	C:\WINDOWS\SYSTEM32\GLU32.dll
0x00007ffc2bb30000 - 0x00007ffc2bca3000 	C:\WINDOWS\System32\MSCTF.dll
0x00007ffc2b7e0000 - 0x00007ffc2b931000 	C:\WINDOWS\System32\ole32.dll
0x00007ffc0f1d0000 - 0x00007ffc0f1e6000 	C:\WINDOWS\system32\napinsp.dll
0x00007ffc0edf0000 - 0x00007ffc0ee0a000 	C:\WINDOWS\system32\pnrpnsp.dll
0x00007ffc24460000 - 0x00007ffc24479000 	C:\WINDOWS\system32\NLAapi.dll
0x00007ffc27f80000 - 0x00007ffc2803e000 	C:\WINDOWS\SYSTEM32\DNSAPI.dll
0x00007ffc0f860000 - 0x00007ffc0f86e000 	C:\WINDOWS\System32\winrnr.dll
0x00007ffc1f2a0000 - 0x00007ffc1f2b5000 	C:\WINDOWS\System32\wshbth.dll
0x00007ffc1f480000 - 0x00007ffc1f48a000 	C:\Windows\System32\rasadhlp.dll
0x00007ffc207e0000 - 0x00007ffc20852000 	C:\WINDOWS\System32\fwpuclnt.dll
0x00007ffc28490000 - 0x00007ffc284b5000 	C:\WINDOWS\SYSTEM32\bcrypt.dll
0x00007ffc28370000 - 0x00007ffc28387000 	C:\WINDOWS\SYSTEM32\CRYPTSP.dll
0x00007ffc27d40000 - 0x00007ffc27d73000 	C:\WINDOWS\system32\rsaenh.dll
0x00007ffc28860000 - 0x00007ffc28888000 	C:\WINDOWS\SYSTEM32\USERENV.dll
0x00007ffc28360000 - 0x00007ffc2836b000 	C:\WINDOWS\SYSTEM32\CRYPTBASE.dll
0x0000000072f60000 - 0x0000000072fa7000 	C:\Program Files\Java\jdk1.8.0_144\jre\bin\fontmanager.dll
0x00007ffc2c230000 - 0x00007ffc2c2d0000 	C:\WINDOWS\System32\clbcatq.dll
0x00007ffc1fe50000 - 0x00007ffc1fffe000 	C:\WINDOWS\SYSTEM32\WindowsCodecs.dll
0x00007ffc064d0000 - 0x00007ffc06528000 	C:\WINDOWS\system32\dataexchange.dll
0x00007ffc24f60000 - 0x00007ffc2526b000 	C:\WINDOWS\system32\d3d11.dll
0x00007ffc26040000 - 0x00007ffc261dc000 	C:\WINDOWS\system32\dcomp.dll
0x00007ffc276b0000 - 0x00007ffc2776b000 	C:\WINDOWS\system32\dxgi.dll
0x00007ffc26e50000 - 0x00007ffc27008000 	C:\WINDOWS\system32\twinapi.appcore.dll
0x00007ffc26e20000 - 0x00007ffc26e41000 	C:\WINDOWS\system32\RMCLIENT.dll
0x0000000074510000 - 0x0000000074521000 	C:\Program Files\Java\jdk1.8.0_144\jre\bin\nio.dll
0x0000000072f10000 - 0x0000000072f52000 	C:\Program Files\Java\jdk1.8.0_144\jre\bin\t2k.dll
0x0000000061c40000 - 0x0000000061d0b000 	C:\Users\HP\AppData\Local\Temp\sqlite-3.27.2.1-6bd38144-d404-45ae-82f1-ebfa7f555a33-sqlitejdbc.dll
0x00007ffc27370000 - 0x00007ffc27539000 	C:\WINDOWS\SYSTEM32\dbghelp.dll

VM Arguments:
jvm_args: -Dfile.encoding=Cp1252 
java_command: jade.Boot -gui AgenteSistema:agentes.AgenteSistema();AgenteCliente:agentes.AgenteCliente();AgenteHotel:agentes.AgenteHotel();AgenteReservas:agentes.AgenteReservas()
java_class_path (initial): C:\Users\HP\eclipse-workspace\TuriSMA\bin;C:\Users\HP\Desktop\Docs UNAL\2019-I\SMA\jadel\lib\jade.jar;C:\Users\HP\Desktop\Docs UNAL\2019-I\SMA\jadel\lib\commons-codec\commons-codec-1.3.jar;C:\Users\HP\Desktop\Todo Excepto Accesos Directos\sqlite-jdbc-3.27.2.1.jar
Launcher Type: SUN_STANDARD

Environment Variables:
PATH=C:/Program Files/Java/jre1.8.0_181/bin/server;C:/Program Files/Java/jre1.8.0_181/bin;C:/Program Files/Java/jre1.8.0_181/lib/amd64;C:\ProgramData\Oracle\Java\javapath;C:\Program Files (x86)\Common Files\Oracle\Java\javapath;C:\Program Files (x86)\Intel\iCLS Client\;C:\windows\system32;C:\windows;C:\windows\System32\Wbem;C:\windows\System32\WindowsPowerShell\v1.0\;C:\Program Files\Intel\IntelSGXPSW\bin\x64\Release\;C:\Program Files\Intel\IntelSGXPSW\bin\win32\Release\;C:\Program Files (x86)\NVIDIA Corporation\PhysX\Common;C:\WINDOWS\system32;C:\WINDOWS;C:\WINDOWS\System32\Wbem;C:\WINDOWS\System32\WindowsPowerShell\v1.0\;c:\Program Files (x86)\Microsoft SQL Server\100\Tools\Binn\;c:\Program Files\Microsoft SQL Server\100\Tools\Binn\;c:\Program Files\Microsoft SQL Server\100\DTS\Binn\;C:\WINDOWS\system32\config\systemprofile\.dnx\bin;C:\Program Files\Microsoft DNX\Dnvm\;C:\Program Files\Microsoft SQL Server\130\Tools\Binn\;C:\Program Files (x86)\Windows Kits\8.1\Windows Performance Toolkit\;C:\Program Files\Microsoft SQL Server\120\Tools\Binn\;C:\Program Files\Git\cmd;C:\Program Files (x86)\Intel\Intel(R) Management Engine Components\DAL;C:\Program Files\Intel\Intel(R) Management Engine Components\DAL;C:\Program Files (x86)\Intel\Intel(R) Management Engine Components\IPT;C:\Program Files\Intel\Intel(R) Management Engine Components\IPT;C:\Program Files\nodejs\;C:\WINDOWS\System32\OpenSSH\;C:\Program Files\PuTTY\;C:\Program Files\Intel\WiFi\bin\;C:\Program Files\Common Files\Intel\WirelessCommon\;C:\Users\HP\AppData\Local\Microsoft\WindowsApps;C:\Users\HP\AppData\Roaming\npm;C:\Users\HP\AppData\Local\GitHubDesktop\bin;C:\Users\HP\AppData\Local\Microsoft\WindowsApps;;C:\Users\HP\AppData\Local\Programs\Microsoft VS Code\bin;C:\Users\HP\Desktop\eclipse;
USERNAME=Víctor Daniel
OS=Windows_NT
PROCESSOR_IDENTIFIER=Intel64 Family 6 Model 94 Stepping 3, GenuineIntel



---------------  S Y S T E M  ---------------

OS: Windows 10.0 , 64 bit Build 17134 (10.0.17134.753)

CPU:total 8 (initial active 8) (4 cores per cpu, 2 threads per core) family 6 model 94 stepping 3, cmov, cx8, fxsr, mmx, sse, sse2, sse3, ssse3, sse4.1, sse4.2, popcnt, avx, avx2, aes, clmul, erms, rtm, 3dnowpref, lzcnt, ht, tsc, tscinvbit, bmi1, bmi2, adx

Memory: 4k page, physical 12503840k(6578416k free), swap 14404384k(7395128k free)

vm_info: Java HotSpot(TM) 64-Bit Server VM (25.144-b01) for windows-amd64 JRE (1.8.0_144-b01), built on Jul 21 2017 21:57:33 by "java_re" with MS VC++ 10.0 (VS2010)

time: Wed Aug 07 15:21:40 2019
elapsed time: 6 seconds (0d 0h 0m 6s)

